C:\Users\Gyro\Desktop\test\prac\JWFramework\Component\GraphicCompnent.js
C:\Users\Gyro\Desktop\test\prac\JWFramework\Component\GraphicCompnent.js.map
C:\Users\Gyro\Desktop\test\prac\JWFramework\Component\GUIComponent.js
C:\Users\Gyro\Desktop\test\prac\JWFramework\Component\GUIComponent.js.map
C:\Users\Gyro\Desktop\test\prac\JWFramework\Component\PhysicsComponent.js
C:\Users\Gyro\Desktop\test\prac\JWFramework\Component\PhysicsComponent.js.map
C:\Users\Gyro\Desktop\test\prac\JWFramework\define.js
C:\Users\Gyro\Desktop\test\prac\JWFramework\define.js.map
C:\Users\Gyro\Desktop\test\prac\JWFramework\enum.js
C:\Users\Gyro\Desktop\test\prac\JWFramework\enum.js.map
C:\Users\Gyro\Desktop\test\prac\JWFramework\GUI\GUIControls\GUI_Base.js
C:\Users\Gyro\Desktop\test\prac\JWFramework\GUI\GUIControls\GUI_Base.js.map
C:\Users\Gyro\Desktop\test\prac\JWFramework\GUI\GUIControls\GUI_Select.js
C:\Users\Gyro\Desktop\test\prac\JWFramework\GUI\GUIControls\GUI_Select.js.map
C:\Users\Gyro\Desktop\test\prac\JWFramework\GUI\GUIControls\GUI_SRT.js
C:\Users\Gyro\Desktop\test\prac\JWFramework\GUI\GUIControls\GUI_SRT.js.map
C:\Users\Gyro\Desktop\test\prac\JWFramework\Main.js
C:\Users\Gyro\Desktop\test\prac\JWFramework\Main.js.map
C:\Users\Gyro\Desktop\test\prac\JWFramework\Manager\CameraManager.js
C:\Users\Gyro\Desktop\test\prac\JWFramework\Manager\CameraManager.js.map
C:\Users\Gyro\Desktop\test\prac\JWFramework\Manager\GUIManager.js
C:\Users\Gyro\Desktop\test\prac\JWFramework\Manager\GUIManager.js.map
C:\Users\Gyro\Desktop\test\prac\JWFramework\Manager\InputManager.js
C:\Users\Gyro\Desktop\test\prac\JWFramework\Manager\InputManager.js.map
C:\Users\Gyro\Desktop\test\prac\JWFramework\Manager\ModelLoadManager.js
C:\Users\Gyro\Desktop\test\prac\JWFramework\Manager\ModelLoadManager.js.map
C:\Users\Gyro\Desktop\test\prac\JWFramework\Manager\ObjectManager.js
C:\Users\Gyro\Desktop\test\prac\JWFramework\Manager\ObjectManager.js.map
C:\Users\Gyro\Desktop\test\prac\JWFramework\Manager\SceneManager.js
C:\Users\Gyro\Desktop\test\prac\JWFramework\Manager\SceneManager.js.map
C:\Users\Gyro\Desktop\test\prac\JWFramework\Manager\WorldManager.js
C:\Users\Gyro\Desktop\test\prac\JWFramework\Manager\WorldManager.js.map
C:\Users\Gyro\Desktop\test\prac\JWFramework\Object\3DObject\Terrain\HeightmapTerrain.js
C:\Users\Gyro\Desktop\test\prac\JWFramework\Object\3DObject\Terrain\HeightmapTerrain.js.map
C:\Users\Gyro\Desktop\test\prac\JWFramework\Object\3DObject\TestCube.js
C:\Users\Gyro\Desktop\test\prac\JWFramework\Object\3DObject\TestCube.js.map
C:\Users\Gyro\Desktop\test\prac\JWFramework\Object\3DObject\testObject.js
C:\Users\Gyro\Desktop\test\prac\JWFramework\Object\3DObject\testObject.js.map
C:\Users\Gyro\Desktop\test\prac\JWFramework\Object\Camera\Camera.js
C:\Users\Gyro\Desktop\test\prac\JWFramework\Object\Camera\Camera.js.map
C:\Users\Gyro\Desktop\test\prac\JWFramework\Object\GameObject.js
C:\Users\Gyro\Desktop\test\prac\JWFramework\Object\GameObject.js.map
C:\Users\Gyro\Desktop\test\prac\JWFramework\Object\Light\Light.js
C:\Users\Gyro\Desktop\test\prac\JWFramework\Object\Light\Light.js.map
C:\Users\Gyro\Desktop\test\prac\JWFramework\Picker\Picker.js
C:\Users\Gyro\Desktop\test\prac\JWFramework\Picker\Picker.js.map
C:\Users\Gyro\Desktop\test\prac\JWFramework\Scene\SceneBase.js
C:\Users\Gyro\Desktop\test\prac\JWFramework\Scene\SceneBase.js.map
C:\Users\Gyro\Desktop\test\prac\JWFramework\Scene\TestScene.js
C:\Users\Gyro\Desktop\test\prac\JWFramework\Scene\TestScene.js.map
